<?xml version="1.0" encoding="UTF-8"?>
<!-- Generated by org.testng.reporters.JUnitReportReporter -->
<testsuite skipped="0" hostname="PTP01" name="MavenProject.MavenSelenium.AppTest" tests="1" failures="0" timestamp="2021-05-23T13:58:40 IST" time="0.000" errors="0">
  <testcase name="testApp" time="0.000" classname="MavenProject.MavenSelenium.AppTest"/>
  <system-out/>
</testsuite> <!-- MavenProject.MavenSelenium.AppTest -->
