<?xml version="1.0" encoding="UTF-8"?>
<!-- Generated by org.testng.reporters.JUnitReportReporter -->
<testsuite skipped="0" hostname="PTP01" name="MavenProject.MavenSelenium.RestAPITest" tests="2" failures="0" timestamp="2021-05-23T14:59:27 IST" time="0.000" errors="0">
  <testcase name="postJira" time="0.000" classname="MavenProject.MavenSelenium.RestAPITest"/>
  <system-out/>
  <testcase name="twitterDelete" time="0.000" classname="MavenProject.MavenSelenium.RestAPITest"/>
  <system-out/>
</testsuite> <!-- MavenProject.MavenSelenium.RestAPITest -->
