<?xml version="1.0" encoding="UTF-8"?>
<!-- Generated by org.testng.reporters.JUnitReportReporter -->
<testsuite skipped="0" hostname="PTP01" name="MavenProject.MavenSelenium.SeleniumWebTest" tests="2" failures="0" timestamp="2021-05-23T15:01:01 IST" time="0.000" errors="0">
  <testcase name="browserLaunch" time="0.000" classname="MavenProject.MavenSelenium.SeleniumWebTest"/>
  <system-out/>
  <testcase name="elementUI" time="0.000" classname="MavenProject.MavenSelenium.SeleniumWebTest"/>
  <system-out/>
</testsuite> <!-- MavenProject.MavenSelenium.SeleniumWebTest -->
