<?xml version="1.0" encoding="UTF-8"?>
<!-- Generated by org.testng.reporters.JUnitReportReporter -->
<testsuite skipped="0" hostname="PTP01" name="MavenProject.MavenSelenium.AppiumTest" tests="2" failures="0" timestamp="2021-05-23T15:01:01 IST" time="0.005" errors="0">
  <testcase name="nativeAppAnroid" time="0.001" classname="MavenProject.MavenSelenium.AppiumTest"/>
  <system-out/>
  <testcase name="iOSApp" time="0.004" classname="MavenProject.MavenSelenium.AppiumTest"/>
  <system-out/>
</testsuite> <!-- MavenProject.MavenSelenium.AppiumTest -->
